::1 - - [11/Oct/2018:23:11:35 +0000] "GET / HTTP/1.1" 200 4329 "-" "Mozilla/5.0 (Macintosh; Intel Mac OS X 10_13_4) AppleWebKit/537.36 (KHTML, like Gecko) Chrome/69.0.3497.100 Safari/537.36"
::1 - - [11/Oct/2018:23:11:36 +0000] "GET /profilepic.jpg HTTP/1.1" 404 153 "http://localhost:8081/" "Mozilla/5.0 (Macintosh; Intel Mac OS X 10_13_4) AppleWebKit/537.36 (KHTML, like Gecko) Chrome/69.0.3497.100 Safari/537.36"
::1 - - [11/Oct/2018:23:11:36 +0000] "GET /css/background.jpg HTTP/1.1" 404 157 "http://localhost:8081/css/brickBreaker.css" "Mozilla/5.0 (Macintosh; Intel Mac OS X 10_13_4) AppleWebKit/537.36 (KHTML, like Gecko) Chrome/69.0.3497.100 Safari/537.36"
::1 - - [11/Oct/2018:23:11:38 +0000] "GET /favicon.ico HTTP/1.1" 404 150 "http://localhost:8081/" "Mozilla/5.0 (Macintosh; Intel Mac OS X 10_13_4) AppleWebKit/537.36 (KHTML, like Gecko) Chrome/69.0.3497.100 Safari/537.36"
::1 - - [11/Oct/2018:23:11:42 +0000] "GET /snake.html HTTP/1.1" 404 149 "http://localhost:8081/" "Mozilla/5.0 (Macintosh; Intel Mac OS X 10_13_4) AppleWebKit/537.36 (KHTML, like Gecko) Chrome/69.0.3497.100 Safari/537.36"
::1 - - [11/Oct/2018:23:11:49 +0000] "GET /contact.html HTTP/1.1" 404 151 "http://localhost:8081/" "Mozilla/5.0 (Macintosh; Intel Mac OS X 10_13_4) AppleWebKit/537.36 (KHTML, like Gecko) Chrome/69.0.3497.100 Safari/537.36"
::1 - - [11/Oct/2018:23:16:30 +0000] "GET / HTTP/1.1" 200 4323 "-" "Mozilla/5.0 (Macintosh; Intel Mac OS X 10_13_4) AppleWebKit/537.36 (KHTML, like Gecko) Chrome/69.0.3497.100 Safari/537.36"
::1 - - [11/Oct/2018:23:16:31 +0000] "GET /profilepic.jpg HTTP/1.1" 404 153 "http://localhost:8081/" "Mozilla/5.0 (Macintosh; Intel Mac OS X 10_13_4) AppleWebKit/537.36 (KHTML, like Gecko) Chrome/69.0.3497.100 Safari/537.36"
::1 - - [11/Oct/2018:23:16:31 +0000] "GET /css/background.jpg HTTP/1.1" 404 157 "http://localhost:8081/css/brickBreaker.css" "Mozilla/5.0 (Macintosh; Intel Mac OS X 10_13_4) AppleWebKit/537.36 (KHTML, like Gecko) Chrome/69.0.3497.100 Safari/537.36"
::1 - - [11/Oct/2018:23:16:35 +0000] "GET /brickbreaker HTTP/1.1" 200 2814 "http://localhost:8081/" "Mozilla/5.0 (Macintosh; Intel Mac OS X 10_13_4) AppleWebKit/537.36 (KHTML, like Gecko) Chrome/69.0.3497.100 Safari/537.36"
::1 - - [11/Oct/2018:23:16:35 +0000] "GET /css/background.jpg HTTP/1.1" 404 157 "http://localhost:8081/css/brickBreaker.css" "Mozilla/5.0 (Macintosh; Intel Mac OS X 10_13_4) AppleWebKit/537.36 (KHTML, like Gecko) Chrome/69.0.3497.100 Safari/537.36"
::1 - - [11/Oct/2018:23:16:41 +0000] "GET /contact HTTP/1.1" 200 2915 "http://localhost:8081/brickbreaker" "Mozilla/5.0 (Macintosh; Intel Mac OS X 10_13_4) AppleWebKit/537.36 (KHTML, like Gecko) Chrome/69.0.3497.100 Safari/537.36"
::1 - - [11/Oct/2018:23:16:41 +0000] "GET /css/background.jpg HTTP/1.1" 404 157 "http://localhost:8081/css/brickBreaker.css" "Mozilla/5.0 (Macintosh; Intel Mac OS X 10_13_4) AppleWebKit/537.36 (KHTML, like Gecko) Chrome/69.0.3497.100 Safari/537.36"
::1 - - [11/Oct/2018:23:16:45 +0000] "GET /index HTTP/1.1" 404 144 "http://localhost:8081/contact" "Mozilla/5.0 (Macintosh; Intel Mac OS X 10_13_4) AppleWebKit/537.36 (KHTML, like Gecko) Chrome/69.0.3497.100 Safari/537.36"
::1 - - [11/Oct/2018:23:16:51 +0000] "GET /index.ejs HTTP/1.1" 404 148 "http://localhost:8081/contact" "Mozilla/5.0 (Macintosh; Intel Mac OS X 10_13_4) AppleWebKit/537.36 (KHTML, like Gecko) Chrome/69.0.3497.100 Safari/537.36"
::1 - - [11/Oct/2018:23:16:54 +0000] "GET /brickbreaker HTTP/1.1" 304 - "http://localhost:8081/contact" "Mozilla/5.0 (Macintosh; Intel Mac OS X 10_13_4) AppleWebKit/537.36 (KHTML, like Gecko) Chrome/69.0.3497.100 Safari/537.36"
::1 - - [11/Oct/2018:23:16:54 +0000] "GET /css/background.jpg HTTP/1.1" 404 157 "http://localhost:8081/css/brickBreaker.css" "Mozilla/5.0 (Macintosh; Intel Mac OS X 10_13_4) AppleWebKit/537.36 (KHTML, like Gecko) Chrome/69.0.3497.100 Safari/537.36"
::1 - - [11/Oct/2018:23:16:55 +0000] "GET /contact HTTP/1.1" 304 - "http://localhost:8081/brickbreaker" "Mozilla/5.0 (Macintosh; Intel Mac OS X 10_13_4) AppleWebKit/537.36 (KHTML, like Gecko) Chrome/69.0.3497.100 Safari/537.36"
::1 - - [11/Oct/2018:23:16:55 +0000] "GET /css/background.jpg HTTP/1.1" 404 157 "http://localhost:8081/css/brickBreaker.css" "Mozilla/5.0 (Macintosh; Intel Mac OS X 10_13_4) AppleWebKit/537.36 (KHTML, like Gecko) Chrome/69.0.3497.100 Safari/537.36"
::1 - - [11/Oct/2018:23:16:56 +0000] "GET /index HTTP/1.1" 404 144 "http://localhost:8081/contact" "Mozilla/5.0 (Macintosh; Intel Mac OS X 10_13_4) AppleWebKit/537.36 (KHTML, like Gecko) Chrome/69.0.3497.100 Safari/537.36"
::1 - - [11/Oct/2018:23:17:50 +0000] "GET / HTTP/1.1" 404 139 "-" "Mozilla/5.0 (Macintosh; Intel Mac OS X 10_13_4) AppleWebKit/537.36 (KHTML, like Gecko) Chrome/69.0.3497.100 Safari/537.36"
::1 - - [11/Oct/2018:23:18:22 +0000] "GET / HTTP/1.1" 200 4310 "-" "Mozilla/5.0 (Macintosh; Intel Mac OS X 10_13_4) AppleWebKit/537.36 (KHTML, like Gecko) Chrome/69.0.3497.100 Safari/537.36"
::1 - - [11/Oct/2018:23:18:22 +0000] "GET /profilepic.jpg HTTP/1.1" 404 153 "http://localhost:8081/" "Mozilla/5.0 (Macintosh; Intel Mac OS X 10_13_4) AppleWebKit/537.36 (KHTML, like Gecko) Chrome/69.0.3497.100 Safari/537.36"
::1 - - [11/Oct/2018:23:18:23 +0000] "GET /css/background.jpg HTTP/1.1" 404 157 "http://localhost:8081/css/brickBreaker.css" "Mozilla/5.0 (Macintosh; Intel Mac OS X 10_13_4) AppleWebKit/537.36 (KHTML, like Gecko) Chrome/69.0.3497.100 Safari/537.36"
::1 - - [11/Oct/2018:23:18:25 +0000] "GET /brickbreaker HTTP/1.1" 200 2801 "http://localhost:8081/" "Mozilla/5.0 (Macintosh; Intel Mac OS X 10_13_4) AppleWebKit/537.36 (KHTML, like Gecko) Chrome/69.0.3497.100 Safari/537.36"
::1 - - [11/Oct/2018:23:18:25 +0000] "GET /css/background.jpg HTTP/1.1" 404 157 "http://localhost:8081/css/brickBreaker.css" "Mozilla/5.0 (Macintosh; Intel Mac OS X 10_13_4) AppleWebKit/537.36 (KHTML, like Gecko) Chrome/69.0.3497.100 Safari/537.36"
::1 - - [11/Oct/2018:23:18:26 +0000] "GET / HTTP/1.1" 304 - "http://localhost:8081/brickbreaker" "Mozilla/5.0 (Macintosh; Intel Mac OS X 10_13_4) AppleWebKit/537.36 (KHTML, like Gecko) Chrome/69.0.3497.100 Safari/537.36"
::1 - - [11/Oct/2018:23:18:26 +0000] "GET /profilepic.jpg HTTP/1.1" 404 153 "http://localhost:8081/" "Mozilla/5.0 (Macintosh; Intel Mac OS X 10_13_4) AppleWebKit/537.36 (KHTML, like Gecko) Chrome/69.0.3497.100 Safari/537.36"
::1 - - [11/Oct/2018:23:18:26 +0000] "GET /css/background.jpg HTTP/1.1" 404 157 "http://localhost:8081/css/brickBreaker.css" "Mozilla/5.0 (Macintosh; Intel Mac OS X 10_13_4) AppleWebKit/537.36 (KHTML, like Gecko) Chrome/69.0.3497.100 Safari/537.36"
::1 - - [11/Oct/2018:23:18:28 +0000] "GET /contact HTTP/1.1" 200 2902 "http://localhost:8081/" "Mozilla/5.0 (Macintosh; Intel Mac OS X 10_13_4) AppleWebKit/537.36 (KHTML, like Gecko) Chrome/69.0.3497.100 Safari/537.36"
::1 - - [11/Oct/2018:23:18:28 +0000] "GET /css/background.jpg HTTP/1.1" 404 157 "http://localhost:8081/css/brickBreaker.css" "Mozilla/5.0 (Macintosh; Intel Mac OS X 10_13_4) AppleWebKit/537.36 (KHTML, like Gecko) Chrome/69.0.3497.100 Safari/537.36"
::1 - - [11/Oct/2018:23:18:30 +0000] "GET / HTTP/1.1" 304 - "http://localhost:8081/contact" "Mozilla/5.0 (Macintosh; Intel Mac OS X 10_13_4) AppleWebKit/537.36 (KHTML, like Gecko) Chrome/69.0.3497.100 Safari/537.36"
::1 - - [11/Oct/2018:23:18:30 +0000] "GET /profilepic.jpg HTTP/1.1" 404 153 "http://localhost:8081/" "Mozilla/5.0 (Macintosh; Intel Mac OS X 10_13_4) AppleWebKit/537.36 (KHTML, like Gecko) Chrome/69.0.3497.100 Safari/537.36"
::1 - - [11/Oct/2018:23:18:30 +0000] "GET /css/background.jpg HTTP/1.1" 404 157 "http://localhost:8081/css/brickBreaker.css" "Mozilla/5.0 (Macintosh; Intel Mac OS X 10_13_4) AppleWebKit/537.36 (KHTML, like Gecko) Chrome/69.0.3497.100 Safari/537.36"
::1 - - [11/Oct/2018:23:19:25 +0000] "GET / HTTP/1.1" 200 4317 "http://localhost:8081/contact" "Mozilla/5.0 (Macintosh; Intel Mac OS X 10_13_4) AppleWebKit/537.36 (KHTML, like Gecko) Chrome/69.0.3497.100 Safari/537.36"
::1 - - [11/Oct/2018:23:19:25 +0000] "GET /css/images/background.jpg HTTP/1.1" 404 164 "http://localhost:8081/css/brickBreaker.css" "Mozilla/5.0 (Macintosh; Intel Mac OS X 10_13_4) AppleWebKit/537.36 (KHTML, like Gecko) Chrome/69.0.3497.100 Safari/537.36"
::1 - - [11/Oct/2018:23:19:30 +0000] "GET /brickbreaker HTTP/1.1" 304 - "http://localhost:8081/" "Mozilla/5.0 (Macintosh; Intel Mac OS X 10_13_4) AppleWebKit/537.36 (KHTML, like Gecko) Chrome/69.0.3497.100 Safari/537.36"
::1 - - [11/Oct/2018:23:19:30 +0000] "GET /css/images/background.jpg HTTP/1.1" 404 164 "http://localhost:8081/css/brickBreaker.css" "Mozilla/5.0 (Macintosh; Intel Mac OS X 10_13_4) AppleWebKit/537.36 (KHTML, like Gecko) Chrome/69.0.3497.100 Safari/537.36"
::1 - - [11/Oct/2018:23:19:33 +0000] "GET /contact HTTP/1.1" 304 - "http://localhost:8081/brickbreaker" "Mozilla/5.0 (Macintosh; Intel Mac OS X 10_13_4) AppleWebKit/537.36 (KHTML, like Gecko) Chrome/69.0.3497.100 Safari/537.36"
::1 - - [11/Oct/2018:23:19:33 +0000] "GET /css/images/background.jpg HTTP/1.1" 404 164 "http://localhost:8081/css/brickBreaker.css" "Mozilla/5.0 (Macintosh; Intel Mac OS X 10_13_4) AppleWebKit/537.36 (KHTML, like Gecko) Chrome/69.0.3497.100 Safari/537.36"
::1 - - [11/Oct/2018:23:19:35 +0000] "GET / HTTP/1.1" 304 - "http://localhost:8081/contact" "Mozilla/5.0 (Macintosh; Intel Mac OS X 10_13_4) AppleWebKit/537.36 (KHTML, like Gecko) Chrome/69.0.3497.100 Safari/537.36"
::1 - - [11/Oct/2018:23:19:36 +0000] "GET /css/images/background.jpg HTTP/1.1" 404 164 "http://localhost:8081/css/brickBreaker.css" "Mozilla/5.0 (Macintosh; Intel Mac OS X 10_13_4) AppleWebKit/537.36 (KHTML, like Gecko) Chrome/69.0.3497.100 Safari/537.36"
::1 - - [11/Oct/2018:23:20:26 +0000] "GET / HTTP/1.1" 304 - "http://localhost:8081/contact" "Mozilla/5.0 (Macintosh; Intel Mac OS X 10_13_4) AppleWebKit/537.36 (KHTML, like Gecko) Chrome/69.0.3497.100 Safari/537.36"
::1 - - [11/Oct/2018:23:20:26 +0000] "GET /css/images/background.jpg HTTP/1.1" 404 164 "http://localhost:8081/css/brickBreaker.css" "Mozilla/5.0 (Macintosh; Intel Mac OS X 10_13_4) AppleWebKit/537.36 (KHTML, like Gecko) Chrome/69.0.3497.100 Safari/537.36"
::1 - - [11/Oct/2018:23:20:31 +0000] "GET /brickbreaker HTTP/1.1" 304 - "http://localhost:8081/" "Mozilla/5.0 (Macintosh; Intel Mac OS X 10_13_4) AppleWebKit/537.36 (KHTML, like Gecko) Chrome/69.0.3497.100 Safari/537.36"
::1 - - [11/Oct/2018:23:20:31 +0000] "GET /css/images/background.jpg HTTP/1.1" 404 164 "http://localhost:8081/css/brickBreaker.css" "Mozilla/5.0 (Macintosh; Intel Mac OS X 10_13_4) AppleWebKit/537.36 (KHTML, like Gecko) Chrome/69.0.3497.100 Safari/537.36"
::1 - - [11/Oct/2018:23:20:32 +0000] "GET / HTTP/1.1" 304 - "http://localhost:8081/brickbreaker" "Mozilla/5.0 (Macintosh; Intel Mac OS X 10_13_4) AppleWebKit/537.36 (KHTML, like Gecko) Chrome/69.0.3497.100 Safari/537.36"
::1 - - [11/Oct/2018:23:20:32 +0000] "GET /css/images/background.jpg HTTP/1.1" 404 164 "http://localhost:8081/css/brickBreaker.css" "Mozilla/5.0 (Macintosh; Intel Mac OS X 10_13_4) AppleWebKit/537.36 (KHTML, like Gecko) Chrome/69.0.3497.100 Safari/537.36"
::1 - - [11/Oct/2018:23:26:11 +0000] "GET / HTTP/1.1" 304 - "http://localhost:8081/brickbreaker" "Mozilla/5.0 (Macintosh; Intel Mac OS X 10_13_4) AppleWebKit/537.36 (KHTML, like Gecko) Chrome/69.0.3497.100 Safari/537.36"
::1 - - [11/Oct/2018:23:26:18 +0000] "GET /brickbreaker HTTP/1.1" 304 - "http://localhost:8081/" "Mozilla/5.0 (Macintosh; Intel Mac OS X 10_13_4) AppleWebKit/537.36 (KHTML, like Gecko) Chrome/69.0.3497.100 Safari/537.36"
::1 - - [11/Oct/2018:23:26:33 +0000] "GET /brickbreaker HTTP/1.1" 304 - "http://localhost:8081/brickbreaker" "Mozilla/5.0 (Macintosh; Intel Mac OS X 10_13_4) AppleWebKit/537.36 (KHTML, like Gecko) Chrome/69.0.3497.100 Safari/537.36"
::1 - - [11/Oct/2018:23:26:35 +0000] "GET / HTTP/1.1" 304 - "http://localhost:8081/brickbreaker" "Mozilla/5.0 (Macintosh; Intel Mac OS X 10_13_4) AppleWebKit/537.36 (KHTML, like Gecko) Chrome/69.0.3497.100 Safari/537.36"
::1 - - [11/Oct/2018:23:27:06 +0000] "GET /brickbreaker HTTP/1.1" 304 - "http://localhost:8081/" "Mozilla/5.0 (Macintosh; Intel Mac OS X 10_13_4) AppleWebKit/537.36 (KHTML, like Gecko) Chrome/69.0.3497.100 Safari/537.36"
::1 - - [11/Oct/2018:23:27:07 +0000] "GET /contact HTTP/1.1" 304 - "http://localhost:8081/brickbreaker" "Mozilla/5.0 (Macintosh; Intel Mac OS X 10_13_4) AppleWebKit/537.36 (KHTML, like Gecko) Chrome/69.0.3497.100 Safari/537.36"
::1 - - [11/Oct/2018:23:27:10 +0000] "GET /contact?comments=sadf%3Bjlfd HTTP/1.1" 200 2902 "http://localhost:8081/contact" "Mozilla/5.0 (Macintosh; Intel Mac OS X 10_13_4) AppleWebKit/537.36 (KHTML, like Gecko) Chrome/69.0.3497.100 Safari/537.36"
::1 - - [11/Oct/2018:23:31:51 +0000] "GET / HTTP/1.1" 304 - "-" "Mozilla/5.0 (Macintosh; Intel Mac OS X 10_13_4) AppleWebKit/537.36 (KHTML, like Gecko) Chrome/69.0.3497.100 Safari/537.36"
::1 - - [11/Oct/2018:23:32:00 +0000] "GET /brickbreaker HTTP/1.1" 304 - "http://localhost:8081/" "Mozilla/5.0 (Macintosh; Intel Mac OS X 10_13_4) AppleWebKit/537.36 (KHTML, like Gecko) Chrome/69.0.3497.100 Safari/537.36"
::1 - - [11/Oct/2018:23:32:06 +0000] "GET /contact HTTP/1.1" 304 - "http://localhost:8081/brickbreaker" "Mozilla/5.0 (Macintosh; Intel Mac OS X 10_13_4) AppleWebKit/537.36 (KHTML, like Gecko) Chrome/69.0.3497.100 Safari/537.36"
::1 - - [11/Oct/2018:23:32:10 +0000] "GET / HTTP/1.1" 304 - "http://localhost:8081/contact" "Mozilla/5.0 (Macintosh; Intel Mac OS X 10_13_4) AppleWebKit/537.36 (KHTML, like Gecko) Chrome/69.0.3497.100 Safari/537.36"
::1 - - [11/Oct/2018:23:35:06 +0000] "GET /brickbreaker HTTP/1.1" 304 - "http://localhost:8081/" "Mozilla/5.0 (Macintosh; Intel Mac OS X 10_13_4) AppleWebKit/537.36 (KHTML, like Gecko) Chrome/69.0.3497.100 Safari/537.36"
::1 - - [11/Oct/2018:23:35:17 +0000] "GET / HTTP/1.1" 304 - "http://localhost:8081/brickbreaker" "Mozilla/5.0 (Macintosh; Intel Mac OS X 10_13_4) AppleWebKit/537.36 (KHTML, like Gecko) Chrome/69.0.3497.100 Safari/537.36"
::1 - - [11/Oct/2018:23:38:30 +0000] "GET / HTTP/1.1" 304 - "-" "Mozilla/5.0 (Macintosh; Intel Mac OS X 10_13_4) AppleWebKit/537.36 (KHTML, like Gecko) Chrome/69.0.3497.100 Safari/537.36"
::1 - - [28/Oct/2018:22:39:54 +0000] "GET / HTTP/1.1" 304 - "-" "Mozilla/5.0 (Macintosh; Intel Mac OS X 10_13_4) AppleWebKit/537.36 (KHTML, like Gecko) Chrome/69.0.3497.100 Safari/537.36"
::1 - - [28/Oct/2018:22:39:58 +0000] "GET /brickbreaker HTTP/1.1" 200 2801 "http://localhost:8081/" "Mozilla/5.0 (Macintosh; Intel Mac OS X 10_13_4) AppleWebKit/537.36 (KHTML, like Gecko) Chrome/69.0.3497.100 Safari/537.36"
::1 - - [28/Oct/2018:22:40:18 +0000] "GET /brickbreaker HTTP/1.1" 304 - "http://localhost:8081/brickbreaker" "Mozilla/5.0 (Macintosh; Intel Mac OS X 10_13_4) AppleWebKit/537.36 (KHTML, like Gecko) Chrome/69.0.3497.100 Safari/537.36"
::1 - - [28/Oct/2018:22:40:19 +0000] "GET /contact HTTP/1.1" 200 2902 "http://localhost:8081/brickbreaker" "Mozilla/5.0 (Macintosh; Intel Mac OS X 10_13_4) AppleWebKit/537.36 (KHTML, like Gecko) Chrome/69.0.3497.100 Safari/537.36"
::1 - - [28/Oct/2018:22:40:58 +0000] "GET /brickbreaker HTTP/1.1" 304 - "http://localhost:8081/contact" "Mozilla/5.0 (Macintosh; Intel Mac OS X 10_13_4) AppleWebKit/537.36 (KHTML, like Gecko) Chrome/69.0.3497.100 Safari/537.36"
::1 - - [28/Oct/2018:22:40:59 +0000] "GET /contact HTTP/1.1" 200 2910 "http://localhost:8081/brickbreaker" "Mozilla/5.0 (Macintosh; Intel Mac OS X 10_13_4) AppleWebKit/537.36 (KHTML, like Gecko) Chrome/69.0.3497.100 Safari/537.36"
::1 - - [28/Oct/2018:22:46:12 +0000] "GET / HTTP/1.1" 304 - "-" "Mozilla/5.0 (Macintosh; Intel Mac OS X 10_13_4) AppleWebKit/537.36 (KHTML, like Gecko) Chrome/69.0.3497.100 Safari/537.36"
::1 - - [28/Oct/2018:22:47:20 +0000] "GET / HTTP/1.1" 304 - "-" "Mozilla/5.0 (Macintosh; Intel Mac OS X 10_13_4) AppleWebKit/537.36 (KHTML, like Gecko) Chrome/69.0.3497.100 Safari/537.36"
::1 - - [28/Oct/2018:22:47:32 +0000] "GET /contact HTTP/1.1" 304 - "http://localhost:8081/" "Mozilla/5.0 (Macintosh; Intel Mac OS X 10_13_4) AppleWebKit/537.36 (KHTML, like Gecko) Chrome/69.0.3497.100 Safari/537.36"
::1 - - [28/Oct/2018:22:47:38 +0000] "GET /contact?comments=lj%3Blj%3Blkj%3Bkj%3Bk+jlk+j%3Bljlk+j%3Blkj+likkj%3Blkj+ HTTP/1.1" 200 2910 "http://localhost:8081/contact" "Mozilla/5.0 (Macintosh; Intel Mac OS X 10_13_4) AppleWebKit/537.36 (KHTML, like Gecko) Chrome/69.0.3497.100 Safari/537.36"
::1 - - [28/Oct/2018:22:50:44 +0000] "GET /contact?comments=lj%3Blj%3Blkj%3Bkj%3Bk+jlk+j%3Bljlk+j%3Blkj+likkj%3Blkj+ HTTP/1.1" 304 - "http://localhost:8081/contact" "Mozilla/5.0 (Macintosh; Intel Mac OS X 10_13_4) AppleWebKit/537.36 (KHTML, like Gecko) Chrome/69.0.3497.100 Safari/537.36"
::1 - - [28/Oct/2018:22:50:46 +0000] "GET / HTTP/1.1" 304 - "http://localhost:8081/contact?comments=lj%3Blj%3Blkj%3Bkj%3Bk+jlk+j%3Bljlk+j%3Blkj+likkj%3Blkj+" "Mozilla/5.0 (Macintosh; Intel Mac OS X 10_13_4) AppleWebKit/537.36 (KHTML, like Gecko) Chrome/69.0.3497.100 Safari/537.36"
